===========================
                  更新日志
===========================
当前版本：v 0.0.10.71 - Bate
开发小组：华慧科技
问题反馈：429395470@qq.com
===========================

-2014.3.2-
v 0.0.10.71 - Bate

*修复二维码扫描兼容性Bug
*调整部分界面设计
*版本升级为Bate版


-2014.3.1-
v0.0.10-体验版

*新增学生详细信息查询功能，可根据信息中的联系方式快速拨号
*二维码扫描器添加灯光设置
*修改【门牌扫描】模块，信息改为在线读取
*优化【寝室考核】模块，所有信息改为在线提交
*新增【评比查询】模块，可以通过输入寝室号和周次信息查询考核成绩
*常规BUG修复


-2014.2.1-
v0.0.9-体验版

*新增【寝室考核】模块，登录用户可以通过应用对寝室进行卫生考核，考核记录可以保存在本地，在有网络的条件下上传到服务器


-2013.11.11-
v0.0.8-体验版

*修正了部分寝室信息由于解码错误导致无法显示的Bug


-2013.11.5-
v0.0.7-体验版

*调整了【寝室查询】模块的查询模式，变更为“条件搜索”和“精确查询”两个部分，用户可以按照寝室号码或者学生姓名作为独立条件查询寝室信息
*调整了部分页面显示


-2013.11.3-
v0.0.6-体验版

*调整了【寝室查询】模块中寝室列表显示样式
*调整了部分手机显示兼容性


-2013.11.1-
v0.0.5-体验版

*新增【寝室查询】模块，登录用户可以通过应用在线查询寝室信息
*新增用户登录部分，授权用户可以通过登录来获取更多功能
*主界面UI重新进行了设计，模块图标和背景进行了调整和更换
*修正了部分BUG


-2013.9.15-
v0.0.4-测试版

*调整了二维码扫描器显示样式
*添加了二维码扫描器成功后播放提示音和振动手机的功能
*修正了一些显示界面位置错误
*添加了更新日志界面
*修正了应用官网地址错误


-2013.8.26-
v0.0.3-测试版

*变更二维码核心解码库为ZBar，移除ZXing
*对二维码扫描器进行了相关优化，扫描速度大幅度提升
*修正了门牌结果显示错误
*修正了部分代码错误


-2013.8.25-
v0.0.2-测试版

*修正了二维码扫描器在小屏幕设备上显示拉伸的错误
*修正了二维码扫描器在小屏幕设备上由于摄像机焦点位置偏移导致调焦失败，造成二维码扫描失败的问题
*修正了小屏幕设备相关界面显示位置错误


-2013.8.24-
v0.0.1-测试版

*首版发布
*推出了【门牌扫描】的基本功能，可以通过二维码扫描器查看寝室成员信息